0 info it worked if it ends with ok
1 verbose cli [ '/usr/local/bin/node',
1 verbose cli   '/usr/bin/npm',
1 verbose cli   'install',
1 verbose cli   '-g',
1 verbose cli   'braingames-dein' ]
2 info using npm@3.10.10
3 info using node@v9.0.0
4 silly loadCurrentTree Starting
5 silly install loadCurrentTree
6 silly install readGlobalPackageData
7 silly fetchPackageMetaData braingames-dein
8 silly fetchNamedPackageData braingames-dein
9 silly mapToRegistry name braingames-dein
10 silly mapToRegistry using default registry
11 silly mapToRegistry registry https://registry.npmjs.org/
12 silly mapToRegistry data Result {
12 silly mapToRegistry   raw: 'braingames-dein',
12 silly mapToRegistry   scope: null,
12 silly mapToRegistry   escapedName: 'braingames-dein',
12 silly mapToRegistry   name: 'braingames-dein',
12 silly mapToRegistry   rawSpec: '',
12 silly mapToRegistry   spec: 'latest',
12 silly mapToRegistry   type: 'tag' }
13 silly mapToRegistry uri https://registry.npmjs.org/braingames-dein
14 verbose request uri https://registry.npmjs.org/braingames-dein
15 verbose request no auth needed
16 info attempt registry request try #1 at 13:10:27
17 verbose request using bearer token for auth
18 verbose request id 26ec002259b82e5d
19 http request GET https://registry.npmjs.org/braingames-dein
20 http 200 https://registry.npmjs.org/braingames-dein
21 verbose headers { server: 'nginx/1.10.1',
21 verbose headers   'content-type': 'application/json',
21 verbose headers   'last-modified': 'Mon, 20 Nov 2017 10:09:54 GMT',
21 verbose headers   etag: 'W/"5a12a9f2-602"',
21 verbose headers   'content-encoding': 'gzip',
21 verbose headers   'cache-control': 'max-age=300',
21 verbose headers   'transfer-encoding': 'chunked',
21 verbose headers   'accept-ranges': 'bytes',
21 verbose headers   date: 'Mon, 20 Nov 2017 10:10:27 GMT',
21 verbose headers   via: '1.1 varnish',
21 verbose headers   connection: 'keep-alive',
21 verbose headers   'x-served-by': 'cache-hhn1537-HHN',
21 verbose headers   'x-cache': 'MISS',
21 verbose headers   'x-cache-hits': '0',
21 verbose headers   'x-timer': 'S1511172628.821817,VS0,VE1',
21 verbose headers   vary: 'Accept-Encoding, Accept' }
22 silly get cb [ 200,
22 silly get   { server: 'nginx/1.10.1',
22 silly get     'content-type': 'application/json',
22 silly get     'last-modified': 'Mon, 20 Nov 2017 10:09:54 GMT',
22 silly get     etag: 'W/"5a12a9f2-602"',
22 silly get     'content-encoding': 'gzip',
22 silly get     'cache-control': 'max-age=300',
22 silly get     'transfer-encoding': 'chunked',
22 silly get     'accept-ranges': 'bytes',
22 silly get     date: 'Mon, 20 Nov 2017 10:10:27 GMT',
22 silly get     via: '1.1 varnish',
22 silly get     connection: 'keep-alive',
22 silly get     'x-served-by': 'cache-hhn1537-HHN',
22 silly get     'x-cache': 'MISS',
22 silly get     'x-cache-hits': '0',
22 silly get     'x-timer': 'S1511172628.821817,VS0,VE1',
22 silly get     vary: 'Accept-Encoding, Accept' } ]
23 verbose get saving braingames-dein to /home/dmitry/.npm/registry.npmjs.org/braingames-dein/.cache.json
24 verbose correctMkdir /home/dmitry/.npm correctMkdir not in flight; initializing
25 silly install normalizeTree
26 silly loadCurrentTree Finishing
27 silly loadIdealTree Starting
28 silly install loadIdealTree
29 silly cloneCurrentTree Starting
30 silly install cloneCurrentTreeToIdealTree
31 silly cloneCurrentTree Finishing
32 silly loadShrinkwrap Starting
33 silly install loadShrinkwrap
34 silly loadShrinkwrap Finishing
35 silly loadAllDepsIntoIdealTree Starting
36 silly install loadAllDepsIntoIdealTree
37 silly resolveWithNewModule braingames-dein@1.0.0 checking installable status
38 silly cache add args [ 'braingames-dein', null ]
39 verbose cache add spec braingames-dein
40 silly cache add parsed spec Result {
40 silly cache add   raw: 'braingames-dein',
40 silly cache add   scope: null,
40 silly cache add   escapedName: 'braingames-dein',
40 silly cache add   name: 'braingames-dein',
40 silly cache add   rawSpec: '',
40 silly cache add   spec: 'latest',
40 silly cache add   type: 'tag' }
41 silly addNamed braingames-dein@latest
42 verbose addNamed "latest" is being treated as a dist-tag for braingames-dein
43 info addNameTag [ 'braingames-dein', 'latest' ]
44 silly mapToRegistry name braingames-dein
45 silly mapToRegistry using default registry
46 silly mapToRegistry registry https://registry.npmjs.org/
47 silly mapToRegistry data Result {
47 silly mapToRegistry   raw: 'braingames-dein',
47 silly mapToRegistry   scope: null,
47 silly mapToRegistry   escapedName: 'braingames-dein',
47 silly mapToRegistry   name: 'braingames-dein',
47 silly mapToRegistry   rawSpec: '',
47 silly mapToRegistry   spec: 'latest',
47 silly mapToRegistry   type: 'tag' }
48 silly mapToRegistry uri https://registry.npmjs.org/braingames-dein
49 verbose addNameTag registry:https://registry.npmjs.org/braingames-dein not in flight; fetching
50 verbose get https://registry.npmjs.org/braingames-dein not expired, no request
51 silly addNameTag next cb for braingames-dein with tag latest
52 silly addNamed braingames-dein@1.0.0
53 verbose addNamed "1.0.0" is a plain semver version for braingames-dein
54 silly cache afterAdd braingames-dein@1.0.0
55 verbose afterAdd /home/dmitry/.npm/braingames-dein/1.0.0/package/package.json not in flight; writing
56 verbose correctMkdir /home/dmitry/.npm correctMkdir not in flight; initializing
57 verbose afterAdd /home/dmitry/.npm/braingames-dein/1.0.0/package/package.json written
58 silly loadAllDepsIntoIdealTree Finishing
59 silly loadIdealTree Finishing
60 silly currentTree lib
61 silly idealTree lib
61 silly idealTree └── braingames-dein@1.0.0
62 silly generateActionsToTake Starting
63 silly install generateActionsToTake
64 silly generateActionsToTake Finishing
65 silly diffTrees action count 1
66 silly diffTrees add braingames-dein@1.0.0
67 silly decomposeActions action count 8
68 silly decomposeActions fetch braingames-dein@1.0.0
69 silly decomposeActions extract braingames-dein@1.0.0
70 silly decomposeActions test braingames-dein@1.0.0
71 silly decomposeActions preinstall braingames-dein@1.0.0
72 silly decomposeActions build braingames-dein@1.0.0
73 silly decomposeActions install braingames-dein@1.0.0
74 silly decomposeActions postinstall braingames-dein@1.0.0
75 silly decomposeActions finalize braingames-dein@1.0.0
76 silly runTopLevelLifecycles Starting
77 silly executeActions Starting
78 silly install executeActions
79 silly doSerial global-install 0
80 silly doParallel fetch 1
81 verbose correctMkdir /home/dmitry/.npm/_locks correctMkdir not in flight; initializing
82 verbose lock using /home/dmitry/.npm/_locks/staging-3a08f0df5026584d.lock for /usr/local/lib/node_modules/.staging
83 silly doParallel extract 1
84 silly extract braingames-dein@1.0.0
85 verbose unbuild lib/node_modules/.staging/braingames-dein-d511b920
86 silly gentlyRm /usr/local/lib/node_modules/.staging/braingames-dein-d511b920 is being purged from base /usr/local
87 verbose gentlyRm don't care about contents; nuking /usr/local/lib/node_modules/.staging/braingames-dein-d511b920
88 verbose tar unpack /home/dmitry/.npm/braingames-dein/1.0.0/package.tgz
89 verbose tar unpacking to /usr/local/lib/node_modules/.staging/braingames-dein-d511b920
90 silly gentlyRm /usr/local/lib/node_modules/.staging/braingames-dein-d511b920 is being purged
91 verbose gentlyRm don't care about contents; nuking /usr/local/lib/node_modules/.staging/braingames-dein-d511b920
92 silly gunzTarPerm modes [ '755', '644' ]
93 silly gunzTarPerm extractEntry package.json
94 silly gunzTarPerm modified mode [ 'package.json', 436, 420 ]
95 silly gunzTarPerm extractEntry .npmignore
96 silly gunzTarPerm modified mode [ '.npmignore', 436, 420 ]
97 silly gunzTarPerm extractEntry .babelrc
98 silly gunzTarPerm modified mode [ '.babelrc', 436, 420 ]
99 silly gunzTarPerm extractEntry Makefile
100 silly gunzTarPerm modified mode [ 'Makefile', 436, 420 ]
101 silly gunzTarPerm extractEntry src/bin/brain-games.js
102 silly gunzTarPerm modified mode [ 'src/bin/brain-games.js', 505, 493 ]
103 silly gentlyRm /usr/local/lib/node_modules/.staging/braingames-dein-d511b920/node_modules is being purged
104 verbose gentlyRm don't care about contents; nuking /usr/local/lib/node_modules/.staging/braingames-dein-d511b920/node_modules
105 silly doParallel preinstall 1
106 silly preinstall braingames-dein@1.0.0 /usr/local/lib/node_modules/.staging/braingames-dein-d511b920
107 info lifecycle braingames-dein@1.0.0~preinstall: braingames-dein@1.0.0
108 silly lifecycle braingames-dein@1.0.0~preinstall: no script for preinstall, continuing
109 silly doReverseSerial remove 0
110 silly doSerial move 0
111 silly doSerial finalize 1
112 silly finalize /usr/local/lib/node_modules/braingames-dein
113 silly doSerial build 1
114 silly build braingames-dein@1.0.0
115 info linkStuff braingames-dein@1.0.0
116 silly linkStuff braingames-dein@1.0.0 has /usr/local/lib/node_modules as its parent node_modules
117 silly linkStuff braingames-dein@1.0.0 is part of a global install
118 silly linkStuff braingames-dein@1.0.0 is installed into a global node_modules
119 silly linkStuff braingames-dein@1.0.0 is installed into the top-level global node_modules
120 verbose linkBins braingames-dein@1.0.0
121 verbose link bins [ { 'brain-games': 'dist/bin/brain-games.js' },
121 verbose link bins   '/usr/local/bin',
121 verbose link bins   true ]
122 verbose linkMans braingames-dein@1.0.0
123 verbose unlock done using /home/dmitry/.npm/_locks/staging-3a08f0df5026584d.lock for /usr/local/lib/node_modules/.staging
124 silly rollbackFailedOptional Starting
125 silly rollbackFailedOptional Finishing
126 silly runTopLevelLifecycles Finishing
127 silly install printInstalled
128 verbose stack Error: ENOENT: no such file or directory, chmod '/usr/local/lib/node_modules/braingames-dein/dist/bin/brain-games.js'
129 verbose cwd /home/dmitry/projects/braingames
130 error Linux 4.10.0-38-generic
131 error argv "/usr/local/bin/node" "/usr/bin/npm" "install" "-g" "braingames-dein"
132 error node v9.0.0
133 error npm  v3.10.10
134 error path /usr/local/lib/node_modules/braingames-dein/dist/bin/brain-games.js
135 error code ENOENT
136 error errno -2
137 error syscall chmod
138 error enoent ENOENT: no such file or directory, chmod '/usr/local/lib/node_modules/braingames-dein/dist/bin/brain-games.js'
139 error enoent ENOENT: no such file or directory, chmod '/usr/local/lib/node_modules/braingames-dein/dist/bin/brain-games.js'
139 error enoent This is most likely not a problem with npm itself
139 error enoent and is related to npm not being able to find a file.
140 verbose exit [ -2, true ]
